<?xml version="1.0" encoding="UTF-8"?>
<testsuite name="DocxHelpersTest" tests="1" skipped="0" failures="0" errors="0" timestamp="2021-12-14T08:08:48" hostname="DESKTOP-NT6SSH5" time="0.315">
  <properties/>
  <testcase name="testDocxExtractor()" classname="DocxHelpersTest" time="0.315"/>
  <system-out><![CDATA[]]></system-out>
  <system-err><![CDATA[]]></system-err>
</testsuite>
